./train -infile:../splitted_data/breastcancer/0/train.csv -outfolder:./tmp/breastcancer/0/ -lambda:0.0003 -ycol:0 -start_skip_rows:409 -end_skip_rows:546 -max_features:4
* STRUCTURED SUM OF SQUARES DECOMPOSITION ALGORITHM *

 Reading data from ../splitted_data/breastcancer/0/train.csv
 Writing data to folder ./tmp/breastcancer/0/
 - lambda = 0.0003
 - skipping rows 409 to 545 inclusive.

FEATURES:
clump_thickness
cell_size
cell_shape
marginal_adhesion
se_cell_size
bare_nuclei
bland_chromatin
normal_nucleoli
mitoses

TARGET VARIABLE:
target

Reading in Y data...
0.000487 seconds to read in single column.
 - 409 rows of data
 - SampleMean(Y) = 0.386308
 - SampleSTD(Y) = 0.487499
 - SST(Y) = 96.9633

--------------------------------------
   CREATING LEVEL 1 OF THE TREE.
--------------------------------------

 - processing clump_thickness
   - reading data...
   - range: [1,10]
   - splits:
     - (interval, splits, ybars, Ns, R2, delta LF)
     - [1,10], splits = [1,6] and [7,10],  total R2 improvement = 0.489506, DL = -0.489206
     - [1,6], splits = [1,4] and [5,6],  total R2 improvement = 0.560474, DL = -0.0706687
     - [1,4], splits = [1,2] and [3,4],  total R2 improvement = 0.564705, DL = -0.0039303
     - [7,10], splits = [7,8] and [9,10],  total R2 improvement = 0.566815, DL = -0.0018102
     - [7,8], splits = [7,7] and [8,8],  total R2 improvement = 0.568838, DL = -0.00172312
     - [5,6], splits = [5,5] and [6,6],  total R2 improvement = 0.570183, DL = -0.0010452
     - [3,4], splits = [3,3] and [4,4],  total R2 improvement = 0.570393, DL = 9.02528e-05
     - [1,2], splits = [1,1] and [2,2],  total R2 improvement = 0.570574, DL = 0.00011901
     - [1,1] split into [1,1] and [2,1], total R2 improvement = 0.570183, DL = 0.0003
   - Chosen partitions: [1,2], (2,4], (4,5], (5,6], (6,7], (7,8], (8,10], 
   - R2 improvement: 0.570183

 - processing cell_size
   - reading data...
   - range: [1,10]
   - splits:
     - (interval, splits, ybars, Ns, R2, delta LF)
     - [1,10], splits = [1,2] and [3,10],  total R2 improvement = 0.671466, DL = -0.671166
     - [3,10], splits = [3,3] and [4,10],  total R2 improvement = 0.723966, DL = -0.0522
     - [1,2], splits = [1,1] and [2,2],  total R2 improvement = 0.742718, DL = -0.0184517
     - [4,10], splits = [4,4] and [5,10],  total R2 improvement = 0.752552, DL = -0.0095336
     - [5,10], splits = [5,6] and [7,10],  total R2 improvement = 0.752815, DL = 3.6989e-05
     - [7,10], splits = [7,9] and [10,10],  total R2 improvement = 0.753708, DL = -0.000593221
     - [7,9], splits = [7,8] and [9,9],  total R2 improvement = 0.757749, DL = -0.00374124
     - [7,8], splits = [7,7] and [8,8],  total R2 improvement = 0.758274, DL = -0.000225034
     - [1,1] split into [1,1] and [2,1], total R2 improvement = 0.758274, DL = 0.0003
   - Chosen partitions: [1,1], (1,2], (2,3], (3,4], (4,6], (6,7], (7,8], (8,9], (9,10], 
   - R2 improvement: 0.758274

 - processing cell_shape
   - reading data...
   - range: [1,10]
   - splits:
     - (interval, splits, ybars, Ns, R2, delta LF)
     - [1,10], splits = [1,2] and [3,10],  total R2 improvement = 0.667144, DL = -0.666844
     - [3,10], splits = [3,4] and [5,10],  total R2 improvement = 0.730077, DL = -0.0626323
     - [3,4], splits = [3,3] and [4,4],  total R2 improvement = 0.741733, DL = -0.0113563
     - [1,2], splits = [1,1] and [2,2],  total R2 improvement = 0.745795, DL = -0.00376181
     - [5,10], splits = [5,7] and [8,10],  total R2 improvement = 0.746992, DL = -0.000896712
     - [5,7], splits = [5,6] and [7,7],  total R2 improvement = 0.747581, DL = -0.000289324
     - [5,6], splits = [5,5] and [6,6],  total R2 improvement = 0.747585, DL = 0.000295907
     - [1,1] split into [1,1] and [2,1], total R2 improvement = 0.747581, DL = 0.0003
   - Chosen partitions: [1,1], (1,2], (2,3], (3,4], (4,6], (6,7], (7,10], 
   - R2 improvement: 0.747581

 - processing marginal_adhesion
   - reading data...
   - range: [1,10]
   - splits:
     - (interval, splits, ybars, Ns, R2, delta LF)
     - [1,10], splits = [1,3] and [4,10],  total R2 improvement = 0.428044, DL = -0.427744
     - [1,3], splits = [1,1] and [2,3],  total R2 improvement = 0.49197, DL = -0.0636254
     - [4,10], splits = [4,5] and [6,10],  total R2 improvement = 0.504772, DL = -0.0125016
     - [6,10], splits = [6,6] and [7,10],  total R2 improvement = 0.506532, DL = -0.00146053
     - [4,5], splits = [4,4] and [5,5],  total R2 improvement = 0.508173, DL = -0.00134133
     - [7,10], splits = [7,9] and [10,10],  total R2 improvement = 0.508275, DL = 0.000198431
     - [2,3], splits = [2,2] and [3,3],  total R2 improvement = 0.50836, DL = 0.000214663
     - [1,1] split into [1,1] and [2,1], total R2 improvement = 0.508173, DL = 0.0003
   - Chosen partitions: [1,1], (1,3], (3,4], (4,5], (5,6], (6,10], 
   - R2 improvement: 0.508173

 - processing se_cell_size
   - reading data...
   - range: [1,10]
   - splits:
     - (interval, splits, ybars, Ns, R2, delta LF)
     - [1,10], splits = [1,2] and [3,10],  total R2 improvement = 0.570115, DL = -0.569815
     - [3,10], splits = [3,3] and [4,10],  total R2 improvement = 0.591197, DL = -0.0207827
     - [4,10], splits = [4,5] and [6,10],  total R2 improvement = 0.596546, DL = -0.00504928
     - [6,10], splits = [6,7] and [8,10],  total R2 improvement = 0.596991, DL = -0.000144446
     - [6,7], splits = [6,6] and [7,7],  total R2 improvement = 0.601285, DL = -0.00399383
     - [1,2], splits = [1,1] and [2,2],  total R2 improvement = 0.601677, DL = -9.21755e-05
     - [8,10], splits = [8,8] and [9,10],  total R2 improvement = 0.601764, DL = 0.000212693
     - [4,5], splits = [4,4] and [5,5],  total R2 improvement = 0.601826, DL = 0.000238612
     - [9,10], splits = [9,9] and [10,10],  total R2 improvement = 0.601856, DL = 0.000269442
     - [1,1] split into [1,1] and [2,1], total R2 improvement = 0.601677, DL = 0.0003
   - Chosen partitions: [1,1], (1,2], (2,3], (3,5], (5,6], (6,7], (7,10], 
   - R2 improvement: 0.601677

 - processing bare_nuclei
   - reading data...
   - range: [1,10]
   - splits:
     - (interval, splits, ybars, Ns, R2, delta LF)
     - [1,10], splits = [1,3] and [4,10],  total R2 improvement = 0.687197, DL = -0.686897
     - [1,3], splits = [1,1] and [2,3],  total R2 improvement = 0.715142, DL = -0.0276453
     - [4,10], splits = [4,5] and [6,10],  total R2 improvement = 0.726006, DL = -0.010564
     - [6,10], splits = [6,8] and [9,10],  total R2 improvement = 0.728156, DL = -0.00184998
     - [4,5], splits = [4,4] and [5,5],  total R2 improvement = 0.729659, DL = -0.0012025
     - [6,8], splits = [6,6] and [7,8],  total R2 improvement = 0.730081, DL = -0.000121903
     - [2,3], splits = [2,2] and [3,3],  total R2 improvement = 0.730219, DL = 0.000161382
     - [9,10], splits = [9,9] and [10,10],  total R2 improvement = 0.730295, DL = 0.000224114
     - [7,8], splits = [7,7] and [8,8],  total R2 improvement = 0.73032, DL = 0.000275445
     - [1,1] split into [1,1] and [2,1], total R2 improvement = 0.730081, DL = 0.0003
   - Chosen partitions: [1,1], (1,3], (3,4], (4,5], (5,6], (6,8], (8,10], 
   - R2 improvement: 0.730081

 - processing bland_chromatin
   - reading data...
   - range: [1,10]
   - splits:
     - (interval, splits, ybars, Ns, R2, delta LF)
     - [1,10], splits = [1,3] and [4,10],  total R2 improvement = 0.54109, DL = -0.54079
     - [1,3], splits = [1,2] and [3,3],  total R2 improvement = 0.581909, DL = -0.0405188
     - [4,10], splits = [4,7] and [8,10],  total R2 improvement = 0.585892, DL = -0.00368281
     - [4,7], splits = [4,4] and [5,7],  total R2 improvement = 0.587154, DL = -0.000962297
     - [1,2], splits = [1,1] and [2,2],  total R2 improvement = 0.587647, DL = -0.000193088
     - [5,7], splits = [5,5] and [6,7],  total R2 improvement = 0.587769, DL = 0.000177657
     - [6,7], splits = [6,6] and [7,7],  total R2 improvement = 0.588443, DL = -0.000374064
     - [1,1] split into [1,1] and [2,1], total R2 improvement = 0.588443, DL = 0.0003
   - Chosen partitions: [1,1], (1,2], (2,3], (3,4], (4,5], (5,6], (6,7], (7,10], 
   - R2 improvement: 0.588443

 - processing normal_nucleoli
   - reading data...
   - range: [1,10]
   - splits:
     - (interval, splits, ybars, Ns, R2, delta LF)
     - [1,10], splits = [1,2] and [3,10],  total R2 improvement = 0.55524, DL = -0.55494
     - [3,10], splits = [3,8] and [9,10],  total R2 improvement = 0.566292, DL = -0.010752
     - [3,8], splits = [3,3] and [4,8],  total R2 improvement = 0.570958, DL = -0.00436568
     - [1,2], splits = [1,1] and [2,2],  total R2 improvement = 0.572214, DL = -0.000955663
     - [4,8], splits = [4,6] and [7,8],  total R2 improvement = 0.572514, DL = -5.00515e-07
     - [4,6], splits = [4,4] and [5,6],  total R2 improvement = 0.57314, DL = -0.0003259
     - [5,6], splits = [5,5] and [6,6],  total R2 improvement = 0.573171, DL = 0.000269306
     - [7,8], splits = [7,7] and [8,8],  total R2 improvement = 0.573191, DL = 0.000279778
     - [1,1] split into [1,1] and [2,1], total R2 improvement = 0.57314, DL = 0.0003
   - Chosen partitions: [1,1], (1,2], (2,3], (3,4], (4,6], (6,8], (8,10], 
   - R2 improvement: 0.57314

 - processing mitoses
   - reading data...
   - range: [1,10]
   - splits:
     - (interval, splits, ybars, Ns, R2, delta LF)
     - [1,10], splits = [1,1] and [2,10],  total R2 improvement = 0.278411, DL = -0.278111
     - [2,10], splits = [2,7] and [8,10],  total R2 improvement = 0.280036, DL = -0.00132458
     - [2,7], splits = [2,2] and [3,7],  total R2 improvement = 0.280493, DL = -0.000157031
     - [3,7], splits = [3,4] and [5,7],  total R2 improvement = 0.281204, DL = -0.000410914
     - [3,4], splits = [3,3] and [4,4],  total R2 improvement = 0.281793, DL = -0.000289324
     - [5,7], splits = [5,5] and [6,7],  total R2 improvement = 0.281972, DL = 0.000121503
     - [6,7], splits = [6,6] and [7,7],  total R2 improvement = 0.282402, DL = -0.000129716
     - [1,1] split into [1,1] and [2,1], total R2 improvement = 0.282402, DL = 0.0003
   - Chosen partitions: [1,1], (1,2], (2,3], (3,4], (4,5], (5,6], (6,7], (7,10], 
   - R2 improvement: 0.282402

SUMMARY:
 - Best feature is cell_size with R2 improvement of 0.758274.
 - Total R2 is now 0.758274
 - Updating groups...9 groups now.



--------------------------------------
   CREATING LEVEL 2 OF THE TREE.
--------------------------------------

 - processing clump_thickness
   - reading data...
   - range: [1,10]
   - splits:
     - (interval, splits, ybars, Ns, R2, delta LF)
     - [1,10], splits = [1,6] and [7,10],  total R2 improvement = 0.0704872, DL = -0.291299
     - [1,6], splits = [1,4] and [5,6],  total R2 improvement = 0.101621, DL = -0.128498
     - [1,4], splits = [1,3] and [4,4],  total R2 improvement = 0.109384, DL = -0.0318138
     - [7,10], splits = [7,8] and [9,10],  total R2 improvement = 0.114225, DL = -0.0197297
     - [7,8], splits = [7,7] and [8,8],  total R2 improvement = 0.123974, DL = -0.0400283
     - [1,3], splits = [1,1] and [2,3],  total R2 improvement = 0.126044, DL = -0.00826527
     - [2,3], splits = [2,2] and [3,3],  total R2 improvement = 0.126474, DL = -0.0014777
     - [1,1] split into [1,1] and [2,1], total R2 improvement = 0.126474, DL = 0.0003
   - Chosen partitions: [1,1], (1,2], (2,3], (3,4], (4,6], (6,7], (7,8], (8,10], 
   - R2 improvement: 0.126474

 - skipping chosen feature cell_size

 - processing cell_shape
   - reading data...
   - range: [1,10]
   - splits:
     - (interval, splits, ybars, Ns, R2, delta LF)
     - [1,10], splits = [1,2] and [3,10],  total R2 improvement = 0.0631163, DL = -0.260807
     - [3,10], splits = [3,3] and [4,10],  total R2 improvement = 0.0742581, DL = -0.045793
     - [4,10], splits = [4,4] and [5,10],  total R2 improvement = 0.0828187, DL = -0.0351142
     - [5,10], splits = [5,7] and [8,10],  total R2 improvement = 0.088511, DL = -0.0232487
     - [1,2], splits = [1,1] and [2,2],  total R2 improvement = 0.0903285, DL = -0.00721869
     - [5,7], splits = [5,5] and [6,7],  total R2 improvement = 0.0918698, DL = -0.00607627
     - [1,1] split into [1,1] and [2,1], total R2 improvement = 0.0918698, DL = 0.0003
   - Chosen partitions: [1,1], (1,2], (2,3], (3,4], (4,5], (5,7], (7,10], 
   - R2 improvement: 0.0918698

 - processing marginal_adhesion
   - reading data...
   - range: [1,10]
   - splits:
     - (interval, splits, ybars, Ns, R2, delta LF)
     - [1,10], splits = [1,1] and [2,10],  total R2 improvement = 0.0156859, DL = -0.0645912
     - [2,10], splits = [2,3] and [4,10],  total R2 improvement = 0.0313452, DL = -0.0644813
     - [4,10], splits = [4,5] and [6,10],  total R2 improvement = 0.0414042, DL = -0.0413131
     - [6,10], splits = [6,6] and [7,10],  total R2 improvement = 0.0499985, DL = -0.035254
     - [1,1] split into [1,1] and [2,1], total R2 improvement = 0.0499985, DL = 0.0003
   - Chosen partitions: [1,1], (1,3], (3,5], (5,6], (6,10], 
   - R2 improvement: 0.0499985

 - processing se_cell_size
   - reading data...
   - range: [1,10]
   - splits:
     - (interval, splits, ybars, Ns, R2, delta LF)
     - [1,10], splits = [1,2] and [3,10],  total R2 improvement = 0.0357302, DL = -0.147513
     - [3,10], splits = [3,5] and [6,10],  total R2 improvement = 0.0495409, DL = -0.0568338
     - [3,5], splits = [3,3] and [4,5],  total R2 improvement = 0.0566865, DL = -0.0292606
     - [4,5], splits = [4,4] and [5,5],  total R2 improvement = 0.0631936, DL = -0.0266194
     - [6,10], splits = [6,6] and [7,10],  total R2 improvement = 0.066263, DL = -0.0123978
     - [7,10], splits = [7,7] and [8,10],  total R2 improvement = 0.0731385, DL = -0.0281432
     - [1,2], splits = [1,1] and [2,2],  total R2 improvement = 0.073598, DL = -0.00160105
     - [1,1] split into [1,1] and [2,1], total R2 improvement = 0.073598, DL = 0.0003
   - Chosen partitions: [1,1], (1,2], (2,3], (3,4], (4,5], (5,6], (6,7], (7,10], 
   - R2 improvement: 0.073598

 - processing bare_nuclei
   - reading data...
   - range: [1,10]
   - splits:
     - (interval, splits, ybars, Ns, R2, delta LF)
     - [1,10], splits = [1,3] and [4,10],  total R2 improvement = 0.0879704, DL = -0.363626
     - [4,10], splits = [4,5] and [6,10],  total R2 improvement = 0.105718, DL = -0.0731209
     - [6,10], splits = [6,8] and [9,10],  total R2 improvement = 0.11598, DL = -0.0421527
     - [9,10], splits = [9,9] and [10,10],  total R2 improvement = 0.116095, DL = -0.000174053
     - [1,3] split into [1,3] and [4,3], total R2 improvement = 0.116095, DL = 0.0003
   - Chosen partitions: [1,3], (3,5], (5,8], (8,9], (9,10], 
   - R2 improvement: 0.116095

 - processing bland_chromatin
   - reading data...
   - range: [1,10]
   - splits:
     - (interval, splits, ybars, Ns, R2, delta LF)
     - [1,10], splits = [1,3] and [4,10],  total R2 improvement = 0.0462223, DL = -0.190918
     - [1,3], splits = [1,2] and [3,3],  total R2 improvement = 0.0612863, DL = -0.0620187
     - [4,10], splits = [4,5] and [6,10],  total R2 improvement = 0.0709119, DL = -0.0395204
     - [6,10], splits = [6,7] and [8,10],  total R2 improvement = 0.0731465, DL = -0.00894403
     - [6,7], splits = [6,6] and [7,7],  total R2 improvement = 0.0765842, DL = -0.0139216
     - [1,2], splits = [1,1] and [2,2],  total R2 improvement = 0.077634, DL = -0.00404301
     - [1,1] split into [1,1] and [2,1], total R2 improvement = 0.077634, DL = 0.0003
   - Chosen partitions: [1,1], (1,2], (2,3], (3,5], (5,6], (6,7], (7,10], 
   - R2 improvement: 0.077634

 - processing normal_nucleoli
   - reading data...
   - range: [1,10]
   - splits:
     - (interval, splits, ybars, Ns, R2, delta LF)
     - [1,10], splits = [1,2] and [3,10],  total R2 improvement = 0.0502133, DL = -0.207428
     - [3,10], splits = [3,3] and [4,10],  total R2 improvement = 0.0635067, DL = -0.0546937
     - [4,10], splits = [4,7] and [8,10],  total R2 improvement = 0.0768892, DL = -0.0550626
     - [4,7], splits = [4,4] and [5,7],  total R2 improvement = 0.084133, DL = -0.0296669
     - [8,10], splits = [8,8] and [9,10],  total R2 improvement = 0.0858519, DL = -0.00681079
     - [5,7], splits = [5,5] and [6,7],  total R2 improvement = 0.0872024, DL = -0.00528705
     - [1,2] split into [1,2] and [3,2], total R2 improvement = 0.0872024, DL = 0.0003
   - Chosen partitions: [1,2], (2,3], (3,4], (4,5], (5,7], (7,8], (8,10], 
   - R2 improvement: 0.0872024

 - processing mitoses
   - reading data...
   - range: [1,10]
   - splits:
     - (interval, splits, ybars, Ns, R2, delta LF)
     - [1,10], splits = [1,1] and [2,10],  total R2 improvement = 0.028632, DL = -0.118148
     - [2,10], splits = [2,2] and [3,10],  total R2 improvement = 0.0321032, DL = -0.0140601
     - [3,10], splits = [3,3] and [4,10],  total R2 improvement = 0.0344605, DL = -0.00945194
     - [1,1] split into [1,1] and [2,1], total R2 improvement = 0.0344605, DL = 0.0003
   - Chosen partitions: [1,1], (1,2], (2,3], (3,10], 
   - R2 improvement: 0.0344605

SUMMARY:
 - Best feature is clump_thickness with R2 improvement of 0.126474.
 - Total R2 is now 0.884748
 - Updating groups...72 groups now.



--------------------------------------
   CREATING LEVEL 3 OF THE TREE.
--------------------------------------

 - skipping chosen feature clump_thickness

 - skipping chosen feature cell_size

 - processing cell_shape
   - reading data...
   - range: [1,10]
   - splits:
     - (interval, splits, ybars, Ns, R2, delta LF)
     - [1,10], splits = [1,2] and [3,10],  total R2 improvement = 0.0236647, DL = -0.20503
     - [3,10], splits = [3,4] and [5,10],  total R2 improvement = 0.0441868, DL = -0.177763
     - [5,10], splits = [5,6] and [7,10],  total R2 improvement = 0.0493434, DL = -0.0444418
     - [1,2] split into [1,2] and [3,2], total R2 improvement = 0.0493434, DL = 0.0003
   - Chosen partitions: [1,2], (2,4], (4,6], (6,10], 
   - R2 improvement: 0.0493434

 - processing marginal_adhesion
   - reading data...
   - range: [1,10]
   - splits:
     - (interval, splits, ybars, Ns, R2, delta LF)
     - [1,10], splits = [1,1] and [2,10],  total R2 improvement = 0.0274238, DL = -0.237647
     - [2,10], splits = [2,5] and [6,10],  total R2 improvement = 0.0351587, DL = -0.0668127
     - [1,1] split into [1,1] and [2,1], total R2 improvement = 0.0351587, DL = 0.0003
   - Chosen partitions: [1,1], (1,5], (5,10], 
   - R2 improvement: 0.0351587

 - processing se_cell_size
   - reading data...
   - range: [1,10]
   - splits:
     - (interval, splits, ybars, Ns, R2, delta LF)
     - [1,10], splits = [1,2] and [3,10],  total R2 improvement = 0.0217407, DL = -0.188336
     - [3,10], splits = [3,5] and [6,10],  total R2 improvement = 0.0325941, DL = -0.0938709
     - [6,10], splits = [6,7] and [8,10],  total R2 improvement = 0.0377507, DL = -0.0444418
     - [1,2], splits = [1,1] and [2,2],  total R2 improvement = 0.0413221, DL = -0.0306879
     - [1,1] split into [1,1] and [2,1], total R2 improvement = 0.0413221, DL = 0.0003
   - Chosen partitions: [1,1], (1,2], (2,5], (5,7], (7,10], 
   - R2 improvement: 0.0413221

 - processing bare_nuclei
   - reading data...
   - range: [1,10]
   - splits:
     - (interval, splits, ybars, Ns, R2, delta LF)
     - [1,10], splits = [1,1] and [2,10],  total R2 improvement = 0.0407819, DL = -0.353549
     - [2,10], splits = [2,3] and [4,10],  total R2 improvement = 0.0545819, DL = -0.119438
     - [4,10], splits = [4,4] and [5,10],  total R2 improvement = 0.0638146, DL = -0.0798092
     - [5,10], splits = [5,7] and [8,10],  total R2 improvement = 0.0698306, DL = -0.0518988
     - [1,1] split into [1,1] and [2,1], total R2 improvement = 0.0698306, DL = 0.0003
   - Chosen partitions: [1,1], (1,3], (3,4], (4,7], (7,10], 
   - R2 improvement: 0.0698306

 - processing bland_chromatin
   - reading data...
   - range: [1,10]
   - splits:
     - (interval, splits, ybars, Ns, R2, delta LF)
     - [1,10], splits = [1,3] and [4,10],  total R2 improvement = 0.0411375, DL = -0.356635
     - [4,10], splits = [4,5] and [6,10],  total R2 improvement = 0.0462941, DL = -0.0444418
     - [1,3] split into [1,3] and [4,3], total R2 improvement = 0.0462941, DL = 0.0003
   - Chosen partitions: [1,3], (3,5], (5,10], 
   - R2 improvement: 0.0462941

 - processing normal_nucleoli
   - reading data...
   - range: [1,10]
   - splits:
     - (interval, splits, ybars, Ns, R2, delta LF)
     - [1,10], splits = [1,1] and [2,10],  total R2 improvement = 0.0173022, DL = -0.149825
     - [2,10], splits = [2,3] and [4,10],  total R2 improvement = 0.0353503, DL = -0.156296
     - [4,10], splits = [4,7] and [8,10],  total R2 improvement = 0.0422257, DL = -0.0593558
     - [8,10], splits = [8,8] and [9,10],  total R2 improvement = 0.0473823, DL = -0.0444418
     - [1,1] split into [1,1] and [2,1], total R2 improvement = 0.0473823, DL = 0.0003
   - Chosen partitions: [1,1], (1,3], (3,7], (7,8], (8,10], 
   - R2 improvement: 0.0473823

 - processing mitoses
   - reading data...
   - range: [1,10]
   - splits:
     - (interval, splits, ybars, Ns, R2, delta LF)
     - [1,10], splits = [1,1] and [2,10],  total R2 improvement = 0.00668433, DL = -0.0576975
     - [1,1] split into [1,1] and [2,1], total R2 improvement = 0.00668433, DL = 0.0003
   - Chosen partitions: [1,1], (1,10], 
   - R2 improvement: 0.00668433

SUMMARY:
 - Best feature is bare_nuclei with R2 improvement of 0.0698306.
 - Total R2 is now 0.954579
 - Updating groups...360 groups now.



--------------------------------------
   CREATING LEVEL 4 OF THE TREE.
--------------------------------------

 - skipping chosen feature clump_thickness

 - skipping chosen feature cell_size

 - processing cell_shape
   - reading data...
   - range: [1,10]
   - splits:
     - (interval, splits, ybars, Ns, R2, delta LF)
     - [1,10], splits = [1,4] and [5,10],  total R2 improvement = 0.00773488, DL = -0.169991
     - [1,4], splits = [1,1] and [2,4],  total R2 improvement = 0.0128915, DL = -0.113228
     - [1,1] split into [1,1] and [2,1], total R2 improvement = 0.0128915, DL = 0.0003
   - Chosen partitions: [1,1], (1,4], (4,10], 
   - R2 improvement: 0.0128915

 - processing marginal_adhesion
   - reading data...
   - range: [1,10]
   - splits:
     - (interval, splits, ybars, Ns, R2, delta LF)
     - [1,10], splits = [1,3] and [4,10],  total R2 improvement = 0.00773488, DL = -0.169991
     - [4,10], splits = [4,5] and [6,10],  total R2 improvement = 0.0146103, DL = -0.15107
     - [1,3] split into [1,3] and [4,3], total R2 improvement = 0.0146103, DL = 0.0003
   - Chosen partitions: [1,3], (3,5], (5,10], 
   - R2 improvement: 0.0146103

 - processing se_cell_size
   - reading data...
   - range: [1,10]
   - splits:
     - (interval, splits, ybars, Ns, R2, delta LF)
     - [1,10], splits = [1,3] and [4,10],  total R2 improvement = 0.00773488, DL = -0.169991
     - [4,10], splits = [4,4] and [5,10],  total R2 improvement = 0.0128915, DL = -0.113228
     - [1,3] split into [1,3] and [4,3], total R2 improvement = 0.0128915, DL = 0.0003
   - Chosen partitions: [1,3], (3,4], (4,10], 
   - R2 improvement: 0.0128915

 - skipping chosen feature bare_nuclei

 - processing bland_chromatin
   - reading data...
   - range: [1,10]
   - splits:
     - (interval, splits, ybars, Ns, R2, delta LF)
     - [1,10], splits = [1,3] and [4,10],  total R2 improvement = 0.00945375, DL = -0.207834
     - [1,3] split into [1,3] and [4,3], total R2 improvement = 0.00945375, DL = 0.0003
   - Chosen partitions: [1,3], (3,10], 
   - R2 improvement: 0.00945375

 - processing normal_nucleoli
   - reading data...
   - range: [1,10]
   - splits:
     - (interval, splits, ybars, Ns, R2, delta LF)
     - [1,10], splits = [1,1] and [2,10],  total R2 improvement = 0.00773488, DL = -0.169991
     - [2,10], splits = [2,2] and [3,10],  total R2 improvement = 0.0128915, DL = -0.113228
     - [3,10], splits = [3,3] and [4,10],  total R2 improvement = 0.0146103, DL = -0.0375425
     - [4,10], splits = [4,5] and [6,10],  total R2 improvement = 0.0197669, DL = -0.113228
     - [1,1] split into [1,1] and [2,1], total R2 improvement = 0.0197669, DL = 0.0003
   - Chosen partitions: [1,1], (1,2], (2,3], (3,5], (5,10], 
   - R2 improvement: 0.0197669

 - processing mitoses
   - reading data...
   - range: [1,10]
   - splits:
     - (interval, splits, ybars, Ns, R2, delta LF)
     - [1,10], splits = [1,1] and [2,10],  total R2 improvement = 0.0128915, DL = -0.283519
     - [1,1] split into [1,1] and [2,1], total R2 improvement = 0.0128915, DL = 0.0003
   - Chosen partitions: [1,1], (1,10], 
   - R2 improvement: 0.0128915

SUMMARY:
 - Best feature is normal_nucleoli with R2 improvement of 0.0197669.
 - Total R2 is now 0.974345
 - Updating groups...1800 groups now.


Time = 0.032697 seconds.
---errors below (if any)---
